<?xml version="1.0" encoding="UTF-8"?>
<testsuite name="assignment5.TestWorker" tests="1" skipped="0" failures="0" errors="0" timestamp="2018-10-26T03:25:36" hostname="Ryn-HP-Laptop" time="0.008">
  <properties/>
  <testcase name="testWorkMethod()" classname="assignment5.TestWorker" time="0.008"/>
  <system-out><![CDATA[I'm working already!
]]></system-out>
  <system-err><![CDATA[]]></system-err>
</testsuite>
